INFO - START
INFO - Path: ./pat/1001_3n.cpp - Command: run - Input: 3
DEBUG - Compile success - Out: 
INFO - START
INFO - Path: ./pat/1001_3n.cpp - Command: run - Input: 3
DEBUG - Compile success - Out: 
DEBUG - Run success - Out: 5

INFO - Clean
INFO - END
INFO - START
INFO - Path: ./pat/1011_abc.cpp - Command: run - Input: 1
DEBUG - Compile success - Out: 
DEBUG - Run success - Out: Case #0: ture
INFO - Clean
INFO - END
INFO - START
INFO - START
INFO - Path: ./pat/1001_3n.cpp - Command: run - Input: 3
DEBUG - Compile success - Out: 
DEBUG - Run success - Out: 5

INFO - Clean
INFO - END
INFO - START
INFO - Path: ./pat/1001_3n.cpp - Command: run - Input: 3
DEBUG - Compile success - Out: 
DEBUG - Run success - Out: 5

INFO - Clean
INFO - END
INFO - START
INFO - START
INFO - Path: ./pat/1001_3n.cpp - Command: run - Input: 3
DEBUG - Compile success - Out: 
DEBUG - Run success - Out: 5

INFO - Clean
INFO - END
INFO - START
INFO - Path: ./pat/1001_3n.cpp - Command: run - Input: 3
DEBUG - Compile success - Out: 
DEBUG - Run success - Out: 5

INFO - Clean
INFO - END
INFO - START
INFO - Path: ./pat/1001_3n.cpp - Command: run - Input: 3
DEBUG - Compile success - Out: 
DEBUG - Run success - Out: 5

INFO - Clean
INFO - END
INFO - START
INFO - Path: ./pat/1001_3n.cpp - Command: run - Input: 3
INFO - Clean
INFO - END
INFO - START
INFO - START
INFO - START
INFO - START
INFO - Path: ./pat/1001_3n.cpp - Command: run - Input: 3
INFO - Clean
INFO - END
INFO - START
INFO - START
INFO - START
INFO - START
INFO - Path: ./pat/1001_3n.cpp - Command: run - Input: 3
INFO - Clean
INFO - END
INFO - START
INFO - Path: ./pat/1001_3n.cpp - Command: run - Input: 3
INFO - Clean
INFO - END
INFO - START
INFO - START
INFO - Path: ./pat/1001_3n.cpp - Command: run - Test: 0
INFO - START
INFO - Path: ./pat/1011_abc.cpp - Command: run - Test: 0
DEBUG - Case 0 Failed
INFO - Clean
INFO - END
INFO - START
INFO - Path: ./pat/1011_abc.cpp - Command: run - Test: 0
DEBUG - Case 0 Failed
INFO - Clean
INFO - END
INFO - START
INFO - Path: ./pat/1011_abc.cpp - Command: run - Test: 0
DEBUG - Case 0 Failed
INFO - Clean
INFO - END
INFO - START
INFO - Path: ./pat/1011_abc.cpp - Command: run - Test: 0
DEBUG - Case 0 Failed
INFO - Clean
INFO - END
INFO - START
INFO - Path: ./pat/1011_abc.cpp - Command: run - Test: 0
DEBUG - Case 0 Passed
INFO - Clean
INFO - END
INFO - START
INFO - Path: ./pat/1016_ab.cpp - Command: run - Test: 0
INFO - START
INFO - Path: ./pat/1016_ab.cpp - Command: run - Test: 0
INFO - START
INFO - Path: ./pat/1016_ab.cpp - Command: run - Test: 0
DEBUG - Case 0 Passed
INFO - Clean
INFO - END
INFO - START
INFO - START
INFO - Path: ./pat/1026.cpp - Command: run - Test: 0
DEBUG - Case 0 Failed
INFO - Clean
INFO - END
INFO - START
INFO - Path: ./pat/1026.cpp - Command: run - Test: 0
DEBUG - Case 0 Failed
INFO - Clean
INFO - END
INFO - START
INFO - Path: ./pat/1026.cpp - Command: run - Test: 0
DEBUG - Case 0 Failed
INFO - Clean
INFO - END
INFO - START
INFO - Path: ./pat/1026.cpp - Command: run - Test: 0
DEBUG - Case 0 Failed
INFO - Clean
INFO - END
INFO - START
INFO - Path: ./pat/1026.cpp - Command: run - Test: 0
DEBUG - Case 0 Failed
INFO - Clean
INFO - END
INFO - START
INFO - Path: ./pat/1026.cpp - Command: run - Test: 0
DEBUG - Case 0 Passed
INFO - Clean
INFO - END
INFO - START
INFO - Path: ./pat/1046.cpp - Command: run - Test: 0
DEBUG - Case 0 Passed
INFO - Clean
INFO - END
INFO - START
INFO - Path: ./pat/1008.cpp - Command: run - Test: 0
DEBUG - Run failed
INFO - Clean
INFO - END
INFO - START
INFO - Path: ./pat/1008.cpp - Command: run - Test: 0
DEBUG - Run failed
INFO - Clean
INFO - END
INFO - START
INFO - Path: ./pat/1008.cpp - Command: run - Test: 0
DEBUG - Run failed
INFO - Clean
INFO - END
INFO - START
INFO - Path: ./pat/1008.cpp - Command: run - Test: 0
DEBUG - Run failed
INFO - Clean
INFO - END
INFO - START
INFO - Path: ./pat/1008.cpp - Command: run - Test: 0
DEBUG - Run failed
INFO - Clean
INFO - END
INFO - START
INFO - Path: ./pat/1008.cpp - Command: run - Test: 0
DEBUG - Run failed
INFO - Clean
INFO - END
INFO - START
INFO - Path: ./pat/1008.cpp - Command: run - Test: 0
DEBUG - Run failed
INFO - Clean
INFO - END
INFO - START
INFO - Path: ./pat/1008.cpp - Command: run - Test: 0
DEBUG - Case 0 Failed
INFO - Clean
INFO - END
INFO - START
INFO - Path: ./pat/1008.cpp - Command: run - Test: 0
DEBUG - Case 0 Passed
INFO - Clean
INFO - END
INFO - START
INFO - Path: ./pat/1012.cpp - Command: run - Test: 0
DEBUG - Case 0 Failed
INFO - Clean
INFO - END
INFO - START
INFO - Path: ./pat/1012.cpp - Command: run - Test: 0
DEBUG - Case 0 Passed
INFO - Clean
INFO - END
INFO - START
INFO - Path: ./pat/1012.cpp - Command: run - Test: 0
DEBUG - Case 0 Passed
INFO - Clean
INFO - END
INFO - START
INFO - Path: pat_basic/1018.cpp - Command: run - Test: 0
INFO - START
INFO - Path: ./pat_basic/1018.cpp - Command: run - Test: 0
DEBUG - Case 0 Failed
INFO - Clean
INFO - END
INFO - START
INFO - Path: ./pat_basic/1018.cpp - Command: run - Test: 0
DEBUG - Case 0 Failed
INFO - Clean
INFO - END
INFO - START
INFO - Path: ./pat_basic/1018.cpp - Command: run - Test: 0
DEBUG - Case 0 Failed
INFO - Clean
INFO - END
INFO - START
INFO - Path: ./pat_basic/1018.cpp - Command: run - Test: 0
DEBUG - Case 0 Failed
INFO - Clean
INFO - END
INFO - START
INFO - Path: ./pat_basic/1018.cpp - Command: run - Test: 0
DEBUG - Case 0 Failed
INFO - Clean
INFO - END
INFO - START
INFO - Path: ./pat_basic/1018.cpp - Command: run - Test: 0
DEBUG - Case 0 Failed
INFO - Clean
INFO - END
INFO - START
INFO - Path: ./pat_basic/1018.cpp - Command: run - Test: 0
DEBUG - Case 0 Failed
INFO - Clean
INFO - END
INFO - START
INFO - Path: ./pat_basic/1018.cpp - Command: run - Test: 0
DEBUG - Case 0 Failed
INFO - Clean
INFO - END
INFO - START
INFO - Path: ./pat_basic/1018.cpp - Command: run - Test: 0
DEBUG - Case 0 Failed
INFO - Clean
INFO - END
INFO - START
INFO - Path: ./pat_basic/1018.cpp - Command: run - Test: 0
DEBUG - Case 0 Failed
INFO - Clean
INFO - END
INFO - START
INFO - Path: ./pat_basic/1018.cpp - Command: run - Test: 0
DEBUG - Case 0 Failed
INFO - Clean
INFO - END
INFO - START
INFO - Path: ./pat_basic/1018.cpp - Command: run - Test: 0
DEBUG - Case 0 Failed
INFO - Clean
INFO - END
INFO - START
INFO - Path: ./pat_basic/1018.cpp - Command: run - Test: 0
DEBUG - Case 0 Passed
INFO - Clean
INFO - END
INFO - START
INFO - Path: ./pat_advanced/1042.cpp - Command: run - Test: 0
DEBUG - Case 0 Failed
INFO - Clean
INFO - END
INFO - START
INFO - Path: ./pat_advanced/1042.cpp - Command: run - Test: 0
DEBUG - Case 0 Failed
INFO - Clean
INFO - END
INFO - START
INFO - Path: ./pat_advanced/1042.cpp - Command: run - Test: 0
DEBUG - Case 0 Failed
INFO - Clean
INFO - END
INFO - START
INFO - Path: ./pat_advanced/1042.cpp - Command: run - Test: 0
DEBUG - Case 0 Failed
INFO - Clean
INFO - END
INFO - START
INFO - Path: ./pat_advanced/1042.cpp - Command: run - Test: 0
DEBUG - Case 0 Passed
INFO - Clean
INFO - END
INFO - START
INFO - Path: ./pat_advanced/1046.cpp - Command: run - Test: 0
DEBUG - Case 0 Passed
INFO - Clean
INFO - END
INFO - START
INFO - Path: ./pat_advanced/1046.cpp - Command: run - Test: 0
DEBUG - Case 0 Failed
INFO - Clean
INFO - END
INFO - START
INFO - Path: ./pat_advanced/1046.cpp - Command: run - Test: 0
DEBUG - Case 0 Passed
INFO - Clean
INFO - END
INFO - START
INFO - Path: ./pat_advanced/1065.cpp - Command: run - Test: 0
INFO - START
INFO - Path: ./pat_advanced/1065.cpp - Command: run - Test: 0
DEBUG - Case 0 Failed
INFO - Clean
INFO - END
INFO - START
INFO - Path: ./pat_advanced/1065.cpp - Command: run - Test: 0
DEBUG - Case 0 Failed
INFO - Clean
INFO - END
INFO - START
INFO - Path: ./pat_advanced/1065.cpp - Command: run - Test: 0
DEBUG - Case 0 Passed
INFO - Clean
INFO - END
INFO - START
INFO - Path: ./pat_basic/1010.cpp - Command: run - Test: 0
DEBUG - Case 0 Passed
INFO - Clean
INFO - END
INFO - START
INFO - Path: ./pat_basic/1010.cpp - Command: run - Test: 0
DEBUG - Case 0 Passed
INFO - Clean
INFO - END
